=============================================================
====时间：2017/7/20 10:19:27
====IP：::1
====异常内容：
System.FormatException: 输入字符串的格式不正确。
   在 System.Number.ParseDouble(String value, NumberStyles options, NumberFormatInfo numfmt)
   在 System.Convert.ToDouble(String value)
   在 HCZZ.Controllers.LocationController.AddAPMac(FormCollection form) 位置 D:\netweb\合成作战新版\源码\MergeWar\Controllers\LocationController.cs:行号 644
====相关信息：
――Function：
APMacController.AddAPMac(FormCollection form)[HttpPost]


=============================================================
====时间：2017/7/20 10:20:29
====IP：::1
====异常内容：
System.FormatException: 输入字符串的格式不正确。
   在 System.Number.StringToNumber(String str, NumberStyles options, NumberBuffer& number, NumberFormatInfo info, Boolean parseDecimal)
   在 System.Number.ParseInt32(String s, NumberStyles style, NumberFormatInfo info)
   在 System.Convert.ToInt32(String value)
   在 HCZZ.Controllers.LocationController.AddAPMac(FormCollection form) 位置 D:\netweb\合成作战新版\源码\MergeWar\Controllers\LocationController.cs:行号 615
====相关信息：
――Function：
APMacController.AddAPMac(FormCollection form)[HttpPost]


=============================================================
====时间：2017/7/20 10:25:04
====IP：::1
====异常内容：
System.FormatException: 输入字符串的格式不正确。
   在 System.Number.ParseDouble(String value, NumberStyles options, NumberFormatInfo numfmt)
   在 System.Convert.ToDouble(String value)
   在 HCZZ.Controllers.LocationController.AddAPMac(FormCollection form) 位置 D:\netweb\合成作战新版\源码\MergeWar\Controllers\LocationController.cs:行号 644
====相关信息：
――Function：
APMacController.AddAPMac(FormCollection form)[HttpPost]


=============================================================
====时间：2017/7/20 10:28:01
====IP：::1
====异常内容：
System.InvalidOperationException: 序列不包含任何元素
   在 System.Linq.Enumerable.First[TSource](IEnumerable`1 source)
   在 HCZZ.Controllers.PublicController.CKMac(String Id) 位置 D:\netweb\合成作战新版\源码\MergeWar\Controllers\PublicController.cs:行号 1190
====相关信息：
――Function：
LocationController.CKMac(string Id)[HttpGet]


=============================================================
====时间：2017/7/20 10:29:01
====IP：::1
====异常内容：
System.InvalidOperationException: 序列不包含任何元素
   在 System.Linq.Enumerable.First[TSource](IEnumerable`1 source)
   在 HCZZ.Controllers.PublicController.CKMac(String Id) 位置 D:\netweb\合成作战新版\源码\MergeWar\Controllers\PublicController.cs:行号 1190
====相关信息：
――Function：
LocationController.CKMac(string Id)[HttpGet]


=============================================================
====时间：2017/7/20 10:32:03
====IP：::1
====异常内容：
System.FormatException: 输入字符串的格式不正确。
   在 System.Number.ParseDouble(String value, NumberStyles options, NumberFormatInfo numfmt)
   在 System.Convert.ToDouble(String value)
   在 HCZZ.Controllers.LocationController.AddAPMac(FormCollection form) 位置 D:\netweb\合成作战新版\源码\MergeWar\Controllers\LocationController.cs:行号 644
====相关信息：
――Function：
APMacController.AddAPMac(FormCollection form)[HttpPost]


=============================================================
====时间：2017/7/20 10:49:03
====IP：::1
====异常内容：
System.FormatException: 输入字符串的格式不正确。
   在 System.Number.ParseDouble(String value, NumberStyles options, NumberFormatInfo numfmt)
   在 System.Convert.ToDouble(String value)
   在 HCZZ.Controllers.LocationController.AddAPMac(FormCollection form) 位置 D:\netweb\合成作战新版\源码\MergeWar\Controllers\LocationController.cs:行号 644
====相关信息：
――Function：
APMacController.AddAPMac(FormCollection form)[HttpPost]


=============================================================
====时间：2017/7/20 10:49:37
====IP：::1
====异常内容：
System.FormatException: 输入字符串的格式不正确。
   在 System.Number.ParseDouble(String value, NumberStyles options, NumberFormatInfo numfmt)
   在 System.Convert.ToDouble(String value)
   在 HCZZ.Controllers.LocationController.AddAPMac(FormCollection form) 位置 D:\netweb\合成作战新版\源码\MergeWar\Controllers\LocationController.cs:行号 644
====相关信息：
――Function：
APMacController.AddAPMac(FormCollection form)[HttpPost]


