=============================================================
====时间：2017/9/28 14:27:12
====IP：::1
====异常内容：
System.ArgumentOutOfRangeException: StartIndex 不能小于 0。
参数名: startIndex
   在 System.String.Substring(Int32 startIndex, Int32 length)
   在 MergeWar.AppCode.JavaServerAction.GetJavaData(String ids, String txtStartTimes, String txtEndTimes, String keys, String type) 位置 D:\netweb\合成作战新版\源码\MergeWar\AppCode\JavaServerAction.cs:行号 29
   在 HCZZ.Controllers.MacController.Analysis(String ids, String txtStartTimes, String txtEndTimes, String size) 位置 D:\netweb\合成作战新版\源码\MergeWar\Controllers\MacController.cs:行号 52


=============================================================
====时间：2017/9/28 14:28:33
====IP：::1
====异常内容：
System.ArgumentOutOfRangeException: StartIndex 不能小于 0。
参数名: startIndex
   在 System.String.Substring(Int32 startIndex, Int32 length)
   在 MergeWar.AppCode.JavaServerAction.GetJavaData(String ids, String txtStartTimes, String txtEndTimes, String keys, String type) 位置 D:\netweb\合成作战新版\源码\MergeWar\AppCode\JavaServerAction.cs:行号 29
   在 HCZZ.Controllers.MacController.GowithSwot(String ids, String txtStartTimes, String txtEndTimes, String mac) 位置 D:\netweb\合成作战新版\源码\MergeWar\Controllers\MacController.cs:行号 110


=============================================================
====时间：2017/9/28 14:49:03
====IP：::1
====异常内容：
System.ArgumentOutOfRangeException: StartIndex 不能小于 0。
参数名: startIndex
   在 System.String.Substring(Int32 startIndex, Int32 length)
   在 MergeWar.AppCode.JavaServerAction.GetJavaData(String ids, String txtStartTimes, String txtEndTimes, String keys, String type) 位置 D:\netweb\合成作战新版\源码\MergeWar\AppCode\JavaServerAction.cs:行号 29
   在 HCZZ.Controllers.MacController.GowithSwot(String ids, String txtStartTimes, String txtEndTimes, String mac) 位置 D:\netweb\合成作战新版\源码\MergeWar\Controllers\MacController.cs:行号 110


=============================================================
====时间：2017/9/28 14:53:35
====IP：::1
====异常内容：
System.ArgumentOutOfRangeException: StartIndex 不能小于 0。
参数名: startIndex
   在 System.String.Substring(Int32 startIndex, Int32 length)
   在 MergeWar.AppCode.JavaServerAction.GetJavaData(String ids, String txtStartTimes, String txtEndTimes, String keys, String type) 位置 D:\netweb\合成作战新版\源码\MergeWar\AppCode\JavaServerAction.cs:行号 29
   在 HCZZ.Controllers.MacController.Analysis(String ids, String txtStartTimes, String txtEndTimes, String size) 位置 D:\netweb\合成作战新版\源码\MergeWar\Controllers\MacController.cs:行号 52


=============================================================
====时间：2017/9/28 15:09:08
====IP：::1
====异常内容：
System.ArgumentOutOfRangeException: StartIndex 不能小于 0。
参数名: startIndex
   在 System.String.Substring(Int32 startIndex, Int32 length)
   在 MergeWar.AppCode.JavaServerAction.GetJavaData(String ids, String txtStartTimes, String txtEndTimes, String keys, String type) 位置 D:\netweb\合成作战新版\源码\MergeWar\AppCode\JavaServerAction.cs:行号 29
   在 HCZZ.Controllers.MacController.Analysis(String ids, String txtStartTimes, String txtEndTimes, String size) 位置 D:\netweb\合成作战新版\源码\MergeWar\Controllers\MacController.cs:行号 52


=============================================================
====时间：2017/9/28 15:10:10
====IP：::1
====异常内容：
System.ArgumentOutOfRangeException: StartIndex 不能小于 0。
参数名: startIndex
   在 System.String.Substring(Int32 startIndex, Int32 length)
   在 MergeWar.AppCode.JavaServerAction.GetJavaData(String ids, String txtStartTimes, String txtEndTimes, String keys, String type) 位置 D:\netweb\合成作战新版\源码\MergeWar\AppCode\JavaServerAction.cs:行号 29
   在 HCZZ.Controllers.MacController.Analysis(String ids, String txtStartTimes, String txtEndTimes, String size) 位置 D:\netweb\合成作战新版\源码\MergeWar\Controllers\MacController.cs:行号 52


=============================================================
====时间：2017/9/28 15:11:13
====IP：::1
====异常内容：
System.ArgumentOutOfRangeException: StartIndex 不能小于 0。
参数名: startIndex
   在 System.String.Substring(Int32 startIndex, Int32 length)
   在 MergeWar.AppCode.JavaServerAction.GetJavaData(String ids, String txtStartTimes, String txtEndTimes, String keys, String type) 位置 D:\netweb\合成作战新版\源码\MergeWar\AppCode\JavaServerAction.cs:行号 29
   在 HCZZ.Controllers.MacController.Analysis(String ids, String txtStartTimes, String txtEndTimes, String size) 位置 D:\netweb\合成作战新版\源码\MergeWar\Controllers\MacController.cs:行号 52


