=============================================================
====时间：2017/7/31 9:47:51
====IP：::1
====异常内容：
System.Data.SqlClient.SqlException (0x80131904): 在与 SQL Server 建立连接时出现与网络相关的或特定于实例的错误。未找到或无法访问服务器。请验证实例名称是否正确并且 SQL Server 已配置为允许远程连接。 (provider: Named Pipes Provider, error: 40 - 无法打开到 SQL Server 的连接) ---> System.ComponentModel.Win32Exception (0x80004005): 找不到网络路径。
   在 System.Data.SqlClient.SqlInternalConnectionTds..ctor(DbConnectionPoolIdentity identity, SqlConnectionString connectionOptions, SqlCredential credential, Object providerInfo, String newPassword, SecureString newSecurePassword, Boolean redirectedUserInstance, SqlConnectionString userConnectionOptions, SessionData reconnectSessionData, DbConnectionPool pool, String accessToken, Boolean applyTransientFaultHandling)
   在 System.Data.SqlClient.SqlConnectionFactory.CreateConnection(DbConnectionOptions options, DbConnectionPoolKey poolKey, Object poolGroupProviderInfo, DbConnectionPool pool, DbConnection owningConnection, DbConnectionOptions userOptions)
   在 System.Data.ProviderBase.DbConnectionFactory.CreatePooledConnection(DbConnectionPool pool, DbConnection owningObject, DbConnectionOptions options, DbConnectionPoolKey poolKey, DbConnectionOptions userOptions)
   在 System.Data.ProviderBase.DbConnectionPool.CreateObject(DbConnection owningObject, DbConnectionOptions userOptions, DbConnectionInternal oldConnection)
   在 System.Data.ProviderBase.DbConnectionPool.UserCreateRequest(DbConnection owningObject, DbConnectionOptions userOptions, DbConnectionInternal oldConnection)
   在 System.Data.ProviderBase.DbConnectionPool.TryGetConnection(DbConnection owningObject, UInt32 waitForMultipleObjectsTimeout, Boolean allowCreate, Boolean onlyOneCheckConnection, DbConnectionOptions userOptions, DbConnectionInternal& connection)
   在 System.Data.ProviderBase.DbConnectionPool.TryGetConnection(DbConnection owningObject, TaskCompletionSource`1 retry, DbConnectionOptions userOptions, DbConnectionInternal& connection)
   在 System.Data.ProviderBase.DbConnectionFactory.TryGetConnection(DbConnection owningConnection, TaskCompletionSource`1 retry, DbConnectionOptions userOptions, DbConnectionInternal oldConnection, DbConnectionInternal& connection)
   在 System.Data.ProviderBase.DbConnectionInternal.TryOpenConnectionInternal(DbConnection outerConnection, DbConnectionFactory connectionFactory, TaskCompletionSource`1 retry, DbConnectionOptions userOptions)
   在 System.Data.ProviderBase.DbConnectionClosed.TryOpenConnection(DbConnection outerConnection, DbConnectionFactory connectionFactory, TaskCompletionSource`1 retry, DbConnectionOptions userOptions)
   在 System.Data.SqlClient.SqlConnection.TryOpenInner(TaskCompletionSource`1 retry)
   在 System.Data.SqlClient.SqlConnection.TryOpen(TaskCompletionSource`1 retry)
   在 System.Data.SqlClient.SqlConnection.Open()
   在 HCZZ.DAL.SqlHelper.ExecuteDataset(String connectionString, CommandType commandType, String commandText, SqlParameter[] commandParameters) 位置 D:\netweb\合成作战新版\源码\MergeWar.DAL\SQLHelper.cs:行号 552
   在 HCZZ.DAL.SqlHelper.ExecuteListModel[T](String connString, String sql, SqlParameter[] param) 位置 D:\netweb\合成作战新版\源码\MergeWar.DAL\SQLHelper.cs:行号 893
   在 HCZZ.DAL.LocationDAL.GetList(Dictionary`2 dic) 位置 D:\netweb\合成作战新版\源码\MergeWar.DAL\LocationDAL.cs:行号 67
   在 HCZZ.Controllers.LocationController.LocationList(Nullable`1 Id, String txtNetbar_Wacode, String txtAP_MAC, String txtStartTime, String txtEndTime, String txtSite_Address, String selProvince, String selCity, String selArea, String selPolice) 位置 D:\netweb\合成作战新版\源码\MergeWar\Controllers\LocationController.cs:行号 66
ClientConnectionId:00000000-0000-0000-0000-000000000000
Error Number:53,State:0,Class:20
====相关信息：
――Function：
LocationController.List(int? Id, string txtNetbar_Wacode, string txtPlace_Name, string txtSite_Address, string txtLaw_Principal_Name, string txtRelationship_Account, string selNetsite_Type, string selAccess_Type, string selStatus, string selBusiness_Nature, string selOperator_Net, string txtBeginTime, string txtEndTime, string selApfwStatus, string selApsjStatus, string txtAP_MAC, string selVerified, string txtOutIpAddress)[HttpGet]


=============================================================
====时间：2017/7/31 9:49:16
====IP：::1
====异常内容：
System.Data.SqlClient.SqlException (0x80131904): 在与 SQL Server 建立连接时出现与网络相关的或特定于实例的错误。未找到或无法访问服务器。请验证实例名称是否正确并且 SQL Server 已配置为允许远程连接。 (provider: Named Pipes Provider, error: 40 - 无法打开到 SQL Server 的连接) ---> System.ComponentModel.Win32Exception (0x80004005): 找不到网络路径。
   在 System.Data.SqlClient.SqlInternalConnectionTds..ctor(DbConnectionPoolIdentity identity, SqlConnectionString connectionOptions, SqlCredential credential, Object providerInfo, String newPassword, SecureString newSecurePassword, Boolean redirectedUserInstance, SqlConnectionString userConnectionOptions, SessionData reconnectSessionData, DbConnectionPool pool, String accessToken, Boolean applyTransientFaultHandling)
   在 System.Data.SqlClient.SqlConnectionFactory.CreateConnection(DbConnectionOptions options, DbConnectionPoolKey poolKey, Object poolGroupProviderInfo, DbConnectionPool pool, DbConnection owningConnection, DbConnectionOptions userOptions)
   在 System.Data.ProviderBase.DbConnectionFactory.CreatePooledConnection(DbConnectionPool pool, DbConnection owningObject, DbConnectionOptions options, DbConnectionPoolKey poolKey, DbConnectionOptions userOptions)
   在 System.Data.ProviderBase.DbConnectionPool.CreateObject(DbConnection owningObject, DbConnectionOptions userOptions, DbConnectionInternal oldConnection)
   在 System.Data.ProviderBase.DbConnectionPool.UserCreateRequest(DbConnection owningObject, DbConnectionOptions userOptions, DbConnectionInternal oldConnection)
   在 System.Data.ProviderBase.DbConnectionPool.TryGetConnection(DbConnection owningObject, UInt32 waitForMultipleObjectsTimeout, Boolean allowCreate, Boolean onlyOneCheckConnection, DbConnectionOptions userOptions, DbConnectionInternal& connection)
   在 System.Data.ProviderBase.DbConnectionPool.TryGetConnection(DbConnection owningObject, TaskCompletionSource`1 retry, DbConnectionOptions userOptions, DbConnectionInternal& connection)
   在 System.Data.ProviderBase.DbConnectionFactory.TryGetConnection(DbConnection owningConnection, TaskCompletionSource`1 retry, DbConnectionOptions userOptions, DbConnectionInternal oldConnection, DbConnectionInternal& connection)
   在 System.Data.ProviderBase.DbConnectionInternal.TryOpenConnectionInternal(DbConnection outerConnection, DbConnectionFactory connectionFactory, TaskCompletionSource`1 retry, DbConnectionOptions userOptions)
   在 System.Data.ProviderBase.DbConnectionClosed.TryOpenConnection(DbConnection outerConnection, DbConnectionFactory connectionFactory, TaskCompletionSource`1 retry, DbConnectionOptions userOptions)
   在 System.Data.SqlClient.SqlConnection.TryOpenInner(TaskCompletionSource`1 retry)
   在 System.Data.SqlClient.SqlConnection.TryOpen(TaskCompletionSource`1 retry)
   在 System.Data.SqlClient.SqlConnection.Open()
   在 HCZZ.DAL.SqlHelper.ExecuteDataset(String connectionString, CommandType commandType, String commandText, SqlParameter[] commandParameters) 位置 D:\netweb\合成作战新版\源码\MergeWar.DAL\SQLHelper.cs:行号 552
   在 HCZZ.DAL.SqlHelper.ExecuteListModel[T](String connString, String sql, SqlParameter[] param) 位置 D:\netweb\合成作战新版\源码\MergeWar.DAL\SQLHelper.cs:行号 893
   在 HCZZ.DAL.LocationDAL.GetList(Dictionary`2 dic) 位置 D:\netweb\合成作战新版\源码\MergeWar.DAL\LocationDAL.cs:行号 67
   在 HCZZ.Controllers.LocationController.LocationList(Nullable`1 Id, String txtNetbar_Wacode, String txtAP_MAC, String txtStartTime, String txtEndTime, String txtSite_Address, String selProvince, String selCity, String selArea, String selPolice) 位置 D:\netweb\合成作战新版\源码\MergeWar\Controllers\LocationController.cs:行号 66
ClientConnectionId:00000000-0000-0000-0000-000000000000
Error Number:53,State:0,Class:20
====相关信息：
――Function：
LocationController.List(int? Id, string txtNetbar_Wacode, string txtPlace_Name, string txtSite_Address, string txtLaw_Principal_Name, string txtRelationship_Account, string selNetsite_Type, string selAccess_Type, string selStatus, string selBusiness_Nature, string selOperator_Net, string txtBeginTime, string txtEndTime, string selApfwStatus, string selApsjStatus, string txtAP_MAC, string selVerified, string txtOutIpAddress)[HttpGet]


=============================================================
====时间：2017/7/31 9:51:33
====IP：::1
====异常内容：
System.Data.SqlClient.SqlException (0x80131904): 在与 SQL Server 建立连接时出现与网络相关的或特定于实例的错误。未找到或无法访问服务器。请验证实例名称是否正确并且 SQL Server 已配置为允许远程连接。 (provider: Named Pipes Provider, error: 40 - 无法打开到 SQL Server 的连接) ---> System.ComponentModel.Win32Exception (0x80004005): 找不到网络路径。
   在 System.Data.SqlClient.SqlInternalConnectionTds..ctor(DbConnectionPoolIdentity identity, SqlConnectionString connectionOptions, SqlCredential credential, Object providerInfo, String newPassword, SecureString newSecurePassword, Boolean redirectedUserInstance, SqlConnectionString userConnectionOptions, SessionData reconnectSessionData, DbConnectionPool pool, String accessToken, Boolean applyTransientFaultHandling)
   在 System.Data.SqlClient.SqlConnectionFactory.CreateConnection(DbConnectionOptions options, DbConnectionPoolKey poolKey, Object poolGroupProviderInfo, DbConnectionPool pool, DbConnection owningConnection, DbConnectionOptions userOptions)
   在 System.Data.ProviderBase.DbConnectionFactory.CreatePooledConnection(DbConnectionPool pool, DbConnection owningObject, DbConnectionOptions options, DbConnectionPoolKey poolKey, DbConnectionOptions userOptions)
   在 System.Data.ProviderBase.DbConnectionPool.CreateObject(DbConnection owningObject, DbConnectionOptions userOptions, DbConnectionInternal oldConnection)
   在 System.Data.ProviderBase.DbConnectionPool.UserCreateRequest(DbConnection owningObject, DbConnectionOptions userOptions, DbConnectionInternal oldConnection)
   在 System.Data.ProviderBase.DbConnectionPool.TryGetConnection(DbConnection owningObject, UInt32 waitForMultipleObjectsTimeout, Boolean allowCreate, Boolean onlyOneCheckConnection, DbConnectionOptions userOptions, DbConnectionInternal& connection)
   在 System.Data.ProviderBase.DbConnectionPool.TryGetConnection(DbConnection owningObject, TaskCompletionSource`1 retry, DbConnectionOptions userOptions, DbConnectionInternal& connection)
   在 System.Data.ProviderBase.DbConnectionFactory.TryGetConnection(DbConnection owningConnection, TaskCompletionSource`1 retry, DbConnectionOptions userOptions, DbConnectionInternal oldConnection, DbConnectionInternal& connection)
   在 System.Data.ProviderBase.DbConnectionInternal.TryOpenConnectionInternal(DbConnection outerConnection, DbConnectionFactory connectionFactory, TaskCompletionSource`1 retry, DbConnectionOptions userOptions)
   在 System.Data.ProviderBase.DbConnectionClosed.TryOpenConnection(DbConnection outerConnection, DbConnectionFactory connectionFactory, TaskCompletionSource`1 retry, DbConnectionOptions userOptions)
   在 System.Data.SqlClient.SqlConnection.TryOpenInner(TaskCompletionSource`1 retry)
   在 System.Data.SqlClient.SqlConnection.TryOpen(TaskCompletionSource`1 retry)
   在 System.Data.SqlClient.SqlConnection.Open()
   在 HCZZ.DAL.SqlHelper.ExecuteDataset(String connectionString, CommandType commandType, String commandText, SqlParameter[] commandParameters) 位置 D:\netweb\合成作战新版\源码\MergeWar.DAL\SQLHelper.cs:行号 552
   在 HCZZ.DAL.SqlHelper.ExecuteListModel[T](String connString, String sql, SqlParameter[] param) 位置 D:\netweb\合成作战新版\源码\MergeWar.DAL\SQLHelper.cs:行号 893
   在 HCZZ.DAL.LocationDAL.GetList(Dictionary`2 dic) 位置 D:\netweb\合成作战新版\源码\MergeWar.DAL\LocationDAL.cs:行号 67
   在 HCZZ.Controllers.LocationController.LocationList(Nullable`1 Id, String txtNetbar_Wacode, String txtAP_MAC, String txtStartTime, String txtEndTime, String txtSite_Address, String selProvince, String selCity, String selArea, String selPolice) 位置 D:\netweb\合成作战新版\源码\MergeWar\Controllers\LocationController.cs:行号 66
ClientConnectionId:00000000-0000-0000-0000-000000000000
Error Number:53,State:0,Class:20
====相关信息：
――Function：
LocationController.List(int? Id, string txtNetbar_Wacode, string txtPlace_Name, string txtSite_Address, string txtLaw_Principal_Name, string txtRelationship_Account, string selNetsite_Type, string selAccess_Type, string selStatus, string selBusiness_Nature, string selOperator_Net, string txtBeginTime, string txtEndTime, string selApfwStatus, string selApsjStatus, string txtAP_MAC, string selVerified, string txtOutIpAddress)[HttpGet]


=============================================================
====时间：2017/7/31 10:02:16
====IP：::1
====异常内容：
System.Data.SqlClient.SqlException (0x80131904): 已成功与服务器建立连接，但是在登录前的握手期间发生错误。 (provider: SSL Provider, error: 0 - 等待的操作过时。) ---> System.ComponentModel.Win32Exception (0x80004005): 等待的操作过时。
   在 System.Data.SqlClient.SqlInternalConnectionTds..ctor(DbConnectionPoolIdentity identity, SqlConnectionString connectionOptions, SqlCredential credential, Object providerInfo, String newPassword, SecureString newSecurePassword, Boolean redirectedUserInstance, SqlConnectionString userConnectionOptions, SessionData reconnectSessionData, DbConnectionPool pool, String accessToken, Boolean applyTransientFaultHandling)
   在 System.Data.SqlClient.SqlConnectionFactory.CreateConnection(DbConnectionOptions options, DbConnectionPoolKey poolKey, Object poolGroupProviderInfo, DbConnectionPool pool, DbConnection owningConnection, DbConnectionOptions userOptions)
   在 System.Data.ProviderBase.DbConnectionFactory.CreatePooledConnection(DbConnectionPool pool, DbConnection owningObject, DbConnectionOptions options, DbConnectionPoolKey poolKey, DbConnectionOptions userOptions)
   在 System.Data.ProviderBase.DbConnectionPool.CreateObject(DbConnection owningObject, DbConnectionOptions userOptions, DbConnectionInternal oldConnection)
   在 System.Data.ProviderBase.DbConnectionPool.UserCreateRequest(DbConnection owningObject, DbConnectionOptions userOptions, DbConnectionInternal oldConnection)
   在 System.Data.ProviderBase.DbConnectionPool.TryGetConnection(DbConnection owningObject, UInt32 waitForMultipleObjectsTimeout, Boolean allowCreate, Boolean onlyOneCheckConnection, DbConnectionOptions userOptions, DbConnectionInternal& connection)
   在 System.Data.ProviderBase.DbConnectionPool.TryGetConnection(DbConnection owningObject, TaskCompletionSource`1 retry, DbConnectionOptions userOptions, DbConnectionInternal& connection)
   在 System.Data.ProviderBase.DbConnectionFactory.TryGetConnection(DbConnection owningConnection, TaskCompletionSource`1 retry, DbConnectionOptions userOptions, DbConnectionInternal oldConnection, DbConnectionInternal& connection)
   在 System.Data.ProviderBase.DbConnectionInternal.TryOpenConnectionInternal(DbConnection outerConnection, DbConnectionFactory connectionFactory, TaskCompletionSource`1 retry, DbConnectionOptions userOptions)
   在 System.Data.ProviderBase.DbConnectionClosed.TryOpenConnection(DbConnection outerConnection, DbConnectionFactory connectionFactory, TaskCompletionSource`1 retry, DbConnectionOptions userOptions)
   在 System.Data.SqlClient.SqlConnection.TryOpenInner(TaskCompletionSource`1 retry)
   在 System.Data.SqlClient.SqlConnection.TryOpen(TaskCompletionSource`1 retry)
   在 System.Data.SqlClient.SqlConnection.Open()
   在 HCZZ.DAL.SqlHelper.ExecuteDataset(String connectionString, CommandType commandType, String commandText, SqlParameter[] commandParameters) 位置 D:\netweb\合成作战新版\源码\MergeWar.DAL\SQLHelper.cs:行号 552
   在 HCZZ.DAL.SqlHelper.ExecuteListModel[T](String connString, String sql, SqlParameter[] param) 位置 D:\netweb\合成作战新版\源码\MergeWar.DAL\SQLHelper.cs:行号 893
   在 HCZZ.DAL.LocationDAL.GetList(Dictionary`2 dic) 位置 D:\netweb\合成作战新版\源码\MergeWar.DAL\LocationDAL.cs:行号 67
   在 HCZZ.Controllers.LocationController.LocationList(Nullable`1 Id, String txtNetbar_Wacode, String txtAP_MAC, String txtStartTime, String txtEndTime, String txtSite_Address, String selProvince, String selCity, String selArea, String selPolice) 位置 D:\netweb\合成作战新版\源码\MergeWar\Controllers\LocationController.cs:行号 66
ClientConnectionId:12eebb37-fbd2-46a9-9f00-74d0cfb5d2f8
Error Number:258,State:0,Class:20
====相关信息：
――Function：
LocationController.List(int? Id, string txtNetbar_Wacode, string txtPlace_Name, string txtSite_Address, string txtLaw_Principal_Name, string txtRelationship_Account, string selNetsite_Type, string selAccess_Type, string selStatus, string selBusiness_Nature, string selOperator_Net, string txtBeginTime, string txtEndTime, string selApfwStatus, string selApsjStatus, string txtAP_MAC, string selVerified, string txtOutIpAddress)[HttpGet]


=============================================================
====时间：2017/7/31 10:02:16
====IP：::1
====异常内容：
System.Data.SqlClient.SqlException (0x80131904): 连接超时时间已到。在尝试使用预登录握手确认时超过了此超时时间。这可能是因为预登录握手失败或服务器未能及时响应。  尝试连接到此服务器时花费的持续时间是 - [Pre-Login] initialization=739917；handshake=0； ---> System.ComponentModel.Win32Exception (0x80004005): 等待的操作过时。
   在 System.Data.SqlClient.SqlInternalConnectionTds..ctor(DbConnectionPoolIdentity identity, SqlConnectionString connectionOptions, SqlCredential credential, Object providerInfo, String newPassword, SecureString newSecurePassword, Boolean redirectedUserInstance, SqlConnectionString userConnectionOptions, SessionData reconnectSessionData, DbConnectionPool pool, String accessToken, Boolean applyTransientFaultHandling)
   在 System.Data.SqlClient.SqlConnectionFactory.CreateConnection(DbConnectionOptions options, DbConnectionPoolKey poolKey, Object poolGroupProviderInfo, DbConnectionPool pool, DbConnection owningConnection, DbConnectionOptions userOptions)
   在 System.Data.ProviderBase.DbConnectionFactory.CreatePooledConnection(DbConnectionPool pool, DbConnection owningObject, DbConnectionOptions options, DbConnectionPoolKey poolKey, DbConnectionOptions userOptions)
   在 System.Data.ProviderBase.DbConnectionPool.CreateObject(DbConnection owningObject, DbConnectionOptions userOptions, DbConnectionInternal oldConnection)
   在 System.Data.ProviderBase.DbConnectionPool.UserCreateRequest(DbConnection owningObject, DbConnectionOptions userOptions, DbConnectionInternal oldConnection)
   在 System.Data.ProviderBase.DbConnectionPool.TryGetConnection(DbConnection owningObject, UInt32 waitForMultipleObjectsTimeout, Boolean allowCreate, Boolean onlyOneCheckConnection, DbConnectionOptions userOptions, DbConnectionInternal& connection)
   在 System.Data.ProviderBase.DbConnectionPool.TryGetConnection(DbConnection owningObject, TaskCompletionSource`1 retry, DbConnectionOptions userOptions, DbConnectionInternal& connection)
   在 System.Data.ProviderBase.DbConnectionFactory.TryGetConnection(DbConnection owningConnection, TaskCompletionSource`1 retry, DbConnectionOptions userOptions, DbConnectionInternal oldConnection, DbConnectionInternal& connection)
   在 System.Data.ProviderBase.DbConnectionInternal.TryOpenConnectionInternal(DbConnection outerConnection, DbConnectionFactory connectionFactory, TaskCompletionSource`1 retry, DbConnectionOptions userOptions)
   在 System.Data.ProviderBase.DbConnectionClosed.TryOpenConnection(DbConnection outerConnection, DbConnectionFactory connectionFactory, TaskCompletionSource`1 retry, DbConnectionOptions userOptions)
   在 System.Data.SqlClient.SqlConnection.TryOpenInner(TaskCompletionSource`1 retry)
   在 System.Data.SqlClient.SqlConnection.TryOpen(TaskCompletionSource`1 retry)
   在 System.Data.SqlClient.SqlConnection.Open()
   在 HCZZ.DAL.SqlHelper.ExecuteDataset(String connectionString, CommandType commandType, String commandText, SqlParameter[] commandParameters) 位置 D:\netweb\合成作战新版\源码\MergeWar.DAL\SQLHelper.cs:行号 552
   在 HCZZ.DAL.SqlHelper.ExecuteListModel[T](String connString, String sql, SqlParameter[] param) 位置 D:\netweb\合成作战新版\源码\MergeWar.DAL\SQLHelper.cs:行号 893
   在 HCZZ.DAL.LocationDAL.GetList(Dictionary`2 dic) 位置 D:\netweb\合成作战新版\源码\MergeWar.DAL\LocationDAL.cs:行号 67
   在 HCZZ.Controllers.LocationController.LocationList(Nullable`1 Id, String txtNetbar_Wacode, String txtAP_MAC, String txtStartTime, String txtEndTime, String txtSite_Address, String selProvince, String selCity, String selArea, String selPolice) 位置 D:\netweb\合成作战新版\源码\MergeWar\Controllers\LocationController.cs:行号 66
ClientConnectionId:cc015a7e-5cc2-45f8-8bcd-5501ecd8f56d
Error Number:-2,State:0,Class:11
====相关信息：
――Function：
LocationController.List(int? Id, string txtNetbar_Wacode, string txtPlace_Name, string txtSite_Address, string txtLaw_Principal_Name, string txtRelationship_Account, string selNetsite_Type, string selAccess_Type, string selStatus, string selBusiness_Nature, string selOperator_Net, string txtBeginTime, string txtEndTime, string selApfwStatus, string selApsjStatus, string txtAP_MAC, string selVerified, string txtOutIpAddress)[HttpGet]


